<?xml version="1.0" encoding="UTF-8"?>
<!-- Generated by org.testng.reporters.JUnitReportReporter -->
<testsuite hostname="LAPTOP-PHOAP5KL" failures="0" tests="3" name="croma.Screenshot" time="23.693" errors="0" timestamp="2023-01-24T09:14:09 IST" skipped="0">
  <testcase classname="croma.Screenshot" name="BMIcalc" time="10.251"/>
  <system-out/>
  <testcase classname="croma.Screenshot" name="BMIcalc" time="6.675"/>
  <system-out/>
  <testcase classname="croma.Screenshot" name="BMIcalc" time="6.767"/>
  <system-out/>
</testsuite> <!-- croma.Screenshot -->
